-------------------------------------------------------------------------------
Test set: com.diaudrimes.productapp.persistence.repositories.ProductRepositoryTest
-------------------------------------------------------------------------------
Tests run: 1, Failures: 0, Errors: 1, Skipped: 0, Time elapsed: 0.364 sec <<< FAILURE! - in com.diaudrimes.productapp.persistence.repositories.ProductRepositoryTest
test_getAllProducts_success()  Time elapsed: 0.24 sec  <<< ERROR!
java.lang.NullPointerException
	at com.diaudrimes.productapp.persistence.repositories.ProductRepositoryTest.test_getAllProducts_success(ProductRepositoryTest.java:36)

