<?xml version="1.0" encoding="UTF-8"?>
<testsuite xmlns:xsi="http://www.w3.org/2001/XMLSchema-instance" xsi:schemaLocation="https://maven.apache.org/surefire/maven-surefire-plugin/xsd/surefire-test-report.xsd" name="com.diaudrimes.productapp.api.ProductControllerTest" time="0.59" tests="15" errors="0" skipped="0" failures="0">
  <properties>
[...]
</properties>
  <testcase name="test_patchProduct_InvalidNameAndQuantity" classname="com.diaudrimes.productapp.api.ProductControllerTest" time="0.391"/>
  <testcase name="test_patchProduct_InvalidQuantity" classname="com.diaudrimes.productapp.api.ProductControllerTest" time="0.004"/>
  <testcase name="test_deleteProduct_ValidID" classname="com.diaudrimes.productapp.api.ProductControllerTest" time="0.003"/>
  <testcase name="test_postProduct_InvalidNameAndQuantity" classname="com.diaudrimes.productapp.api.ProductControllerTest" time="0.003"/>
  <testcase name="test_patchProduct_ValidParameters" classname="com.diaudrimes.productapp.api.ProductControllerTest" time="0.002"/>
  <testcase name="test_postProduct_InvalidName" classname="com.diaudrimes.productapp.api.ProductControllerTest" time="0.001"/>
  <testcase name="test_getProductById_InvalidId" classname="com.diaudrimes.productapp.api.ProductControllerTest" time="0.001"/>
  <testcase name="test_getProductById_NotFound" classname="com.diaudrimes.productapp.api.ProductControllerTest" time="0.001"/>
  <testcase name="test_getProductById_Found" classname="com.diaudrimes.productapp.api.ProductControllerTest" time="0.001"/>
  <testcase name="test_getAllProducts_Found" classname="com.diaudrimes.productapp.api.ProductControllerTest" time="0.001"/>
  <testcase name="test_patchProduct_InvalidName" classname="com.diaudrimes.productapp.api.ProductControllerTest" time="0.002"/>
  <testcase name="test_postProduct_InvalidQuantity" classname="com.diaudrimes.productapp.api.ProductControllerTest" time="0.001"/>
  <testcase name="test_patchProduct_NonExistingId" classname="com.diaudrimes.productapp.api.ProductControllerTest" time="0.001"/>
  <testcase name="test_postProduct_ValidParameters" classname="com.diaudrimes.productapp.api.ProductControllerTest" time="0.001"/>
  <testcase name="test_deleteProduct_InvalidID" classname="com.diaudrimes.productapp.api.ProductControllerTest" time="0.001"/>
</testsuite>